Info: : 1099 mini-second(s) publishing element CustomCategory:questo2[Questao2Plugin\customcategories\questo2_3A290509.html]
Info: CustomCategory:questo2: 1099 mini seconds publishing element
Info: : 3261 mini-second(s) publishing element DeliveryProcess:ProcessoTrabalho2[Questao2Plugin\deliveryprocesses\ProcessoTrabalho2_3C7A1264.html]
Info: DeliveryProcess:ProcessoTrabalho2: 3262 mini seconds publishing element
Info: DeliveryProcess:ProcessoTrabalho2: 3140 mini seconds publishing process specific layout data
Info: : 1110 mini-second(s) publishing element Activity:SP 1.1 Eleger Produtos de Trabalho para Checagem[Questao2Plugin\deliveryprocesses\SP 1.1 Eleger Produtos de Trabalho para Checagem_3DD7895B.html]
Info: Activity:SP 1.1 Eleger Produtos de Trabalho para Checagem: 1110 mini seconds publishing element
Info: TaskDescriptor:apontar_produtos_de_trabalho_para_checagem: 0 mini seconds publishing element
Info: TaskDescriptor:apontar_os_critrios_a_serem_entregues_por_cada_produto_de_trabalho_escolhido: 16 mini seconds publishing element
Info: TaskDescriptor:apontar_os_mtodos_de_checagem_que_esto_acessveis_para_utilizao: 16 mini seconds publishing element
Info: TaskDescriptor:definir_os_mtodos_de_checagem_a_serem_utilizados_para_cada_produto_de_trabalho_escolhido: 15 mini seconds publishing element
Info: TaskDescriptor:efetuar_o_mapeamento_dos_produtos_de_trabalho_a_serem_checados_os_critrios_a_serem_entregues_e_os_mtodos_a_serem_utilizados_para_a_integrao_com_o_plano_de_projeto: 16 mini seconds publishing element
Info: : 1297 mini-second(s) publishing element Activity:SP 1.2 Estipular o Ambiente de Checagem[Questao2Plugin\deliveryprocesses\SP 1.2 Estipular o Ambiente de Checagem_8D4C2A9D.html]
Info: Activity:SP 1.2 Estipular o Ambiente de Checagem: 1297 mini seconds publishing element
Info: TaskDescriptor:estipular_o_ambiente_de_checagem: 16 mini seconds publishing element
Info: TaskDescriptor:apontar_os_recursos_de_checagem_acessveis_para_reaproveitamento_e_remodelao: 16 mini seconds publishing element
Info: TaskDescriptor:apontar_equipamentos_e_ferramentas_de_checagem: 15 mini seconds publishing element
Info: TaskDescriptor:obter_equipamento_de_suporte_e_ambiente_de_checagem_tais_como_equipamentos_e_software_de_teste: 16 mini seconds publishing element
Info: Activity:SP 1.3 Estipular Táticas e Critérios de Checagem: 687 mini seconds publishing element
Info: TaskDescriptor:criar_um_grupo_de_tticas_de_checagem_amplo_e_integrado_para_os_produtos_de_trabalho_e_produtos_comerciais_prontos_sobre_anlise_de_necessidade: 0 mini seconds publishing element
Info: TaskDescriptor:apontar_os_efeitos_desejados_exequveis_tolerncias_autorizadas_na_verificao_e_outros_critrios_para_atender_os_critrios: 16 mini seconds publishing element
Info: TaskDescriptor:apontar_todos_os_equipamentos_e_componentes_de_ambiente_precisos_para_segurar_a_checagem: 16 mini seconds publishing element
Info: Activity:SP 2.1 Organizar as Inspeções por Pares: 562 mini seconds publishing element
Info: TaskDescriptor:prescrever_que_tipo_de_vistoria_por_pares_que_ser_executada: 0 mini seconds publishing element
Info: TaskDescriptor:efetuar_os_papis_designados_na_vistoria_por_pares: 16 mini seconds publishing element
Info: TaskDescriptor:estipular_e_conservar_checklists_para_assegurar_que_os_produtos_de_trabalho_sejam_revisados_de_forma_eficaz: 15 mini seconds publishing element
Info: TaskDescriptor:responsabilizar_papis_para_a_vistoria_por_pares: 0 mini seconds publishing element
Info: Activity:SP 2.2 Efetuar Inspeções por Pares: 693 mini seconds publishing element
Info: TaskDescriptor:efetuar_os_papis_designados_na_vistoria_por_pares: 16 mini seconds publishing element
Info: TaskDescriptor:apontar_e_registrar_os_falhas_e_outros_aspectos_sobre_o_produto_de_trabalho: 0 mini seconds publishing element
Info: TaskDescriptor:assegurar_que_os_critrios_de_sada_para_a_vistoria_por_pares_esto_sendo_entregues: 15 mini seconds publishing element
Info: Activity:SP 2.3 Analisar Dados da Vistoria por Pares: 294 mini seconds publishing element
Info: TaskDescriptor:registrar_os_dados_relacionados__organizao_execuo_e_efeitos_das_inspees_por_pares: 16 mini seconds publishing element
Info: Activity:SP 3.1 Efetuar a Checagem: 316 mini seconds publishing element
Info: TaskDescriptor:efetuar_a_checagem_de_produtos_de_trabalho_contra_seus_critrios: 6 mini seconds publishing element
Info: TaskDescriptor:registrar_os_efeitos_das_atividades_de_checagem: 844 mini seconds publishing element
Info: Activity:SP 3.2 Analisar os Efeitos das Verificações e Apontar Ações Corretivas: 265 mini seconds publishing element
Info: Activity:SP 1.1 Eleger Produtos para Autenticação: 212 mini seconds publishing element
Info: Activity:SP 1.2 Estipular o Ambiente de Autenticação: 224 mini seconds publishing element
Info: Activity:SP 1.3 Estipular Táticas e Critérios de Autenticação.: 208 mini seconds publishing element
Info: Activity:SP 2.1 Efetuar a Autenticação: 235 mini seconds publishing element
Info: RoleDescriptor:analista_de_infraestrutura: 15 mini seconds publishing element
Info: RoleDescriptor:analista_de_negcio: 0 mini seconds publishing element
Info: RoleDescriptor:analista_de_qualidade: 16 mini seconds publishing element
Info: RoleDescriptor:analista_de_requisitos: 16 mini seconds publishing element
Info: RoleDescriptor:analista_de_sistemas: 15 mini seconds publishing element
Info: RoleDescriptor:analista_de_teste: 16 mini seconds publishing element
Info: RoleDescriptor:arquiteto: 0 mini seconds publishing element
Info: RoleDescriptor:cliente: 16 mini seconds publishing element
Info: RoleDescriptor:gerente: 0 mini seconds publishing element
Info: WorkProductDescriptor:artefato_com_os_critrios_de_checagem: 15 mini seconds publishing element
Info: WorkProductDescriptor:artefato_com_os_critrios_de_checagem_e_efeitos_desejados: 16 mini seconds publishing element
Info: WorkProductDescriptor:artefato_de_critrios_para_o_ambiente_de_checagem: 0 mini seconds publishing element
Info: WorkProductDescriptor:artefato_de_equipamentos_softwares_e_ferramentas_de_checagem_fundamentais_para_montagem_do_ambiente_de_checagem: 15 mini seconds publishing element
Info: WorkProductDescriptor:artefato_de_recursos_de_checagem_acessveis_para_reaproveitamento: 0 mini seconds publishing element
Info: WorkProductDescriptor:artefato_que_cataloga_os_tipos_de_inspees_e_os_critrios_de_entradas_e_sadas_desejados: 0 mini seconds publishing element
Info: WorkProductDescriptor:artefato_que_cataloga_os_tipos_de_inspees_e_os_critrios_de_entradas_e_sadas_desejados_e_checklist_de_veracidade: 0 mini seconds publishing element
Info: WorkProductDescriptor:artefato_que_catalogue_os_tipos_de_inspees_por_pares_que_sero_feitos: 16 mini seconds publishing element
Info: WorkProductDescriptor:artefato_que_descreve_qual_mtodo_ser_utilizado_para_checagem: 0 mini seconds publishing element
Info: WorkProductDescriptor:artefato_que_retrata_e_cataloga_os_produtos_e_critrios_mais_valiosos_que_faro_parte_do_plano_do_projeto: 15 mini seconds publishing element
Info: WorkProductDescriptor:catlogo_de_junes_dos_critrios_a_serem_checados_e_os_produtos_de_trabalho: 0 mini seconds publishing element
Info: WorkProductDescriptor:catlogo_de_produtos_a_serem_checados: 16 mini seconds publishing element
Info: WorkProductDescriptor:catlogo_de_todos_os_mtodos_exequveis_para_checagem: 0 mini seconds publishing element
Info: : 1269 mini-second(s) publishing element Role:analista_de_negcio[Questao2Plugin\roles\analista_de_negcio_C33CF753.html]
Info: Role:analista_de_negcio: 1269 mini seconds publishing element
Info: Task:apontar_produtos_de_trabalho_para_checagem: 343 mini seconds publishing element
Info: Task:apontar_os_critrios_a_serem_entregues_por_cada_produto_de_trabalho_escolhido: 32 mini seconds publishing element
Info: Task:definir_os_mtodos_de_checagem_a_serem_utilizados_para_cada_produto_de_trabalho_escolhido: 46 mini seconds publishing element
Info: Task:efetuar_o_mapeamento_dos_produtos_de_trabalho_a_serem_checados_os_critrios_a_serem_entregues_e_os_mtodos_a_serem_utilizados_para_a_integrao_com_o_plano_de_projeto: 32 mini seconds publishing element
Info: Role:cliente: 109 mini seconds publishing element
Info: Role:analista_de_sistemas: 125 mini seconds publishing element
Info: Role:analista_de_qualidade: 109 mini seconds publishing element
Info: Task:apontar_os_mtodos_de_checagem_que_esto_acessveis_para_utilizao: 32 mini seconds publishing element
Info: Role:analista_de_teste: 281 mini seconds publishing element
Info: Artifact:catlogo_de_produtos_a_serem_checados: 523 mini seconds publishing element
Info: Artifact:catlogo_de_junes_dos_critrios_a_serem_checados_e_os_produtos_de_trabalho: 32 mini seconds publishing element
Info: Artifact:catlogo_de_todos_os_mtodos_exequveis_para_checagem: 31 mini seconds publishing element
Info: Artifact:artefato_que_descreve_qual_mtodo_ser_utilizado_para_checagem: 31 mini seconds publishing element
Info: Artifact:artefato_que_retrata_e_cataloga_os_produtos_e_critrios_mais_valiosos_que_faro_parte_do_plano_do_projeto: 31 mini seconds publishing element
Info: RoleDescriptor:analista_de_qualidade: 0 mini seconds publishing element
Info: RoleDescriptor:analista_de_teste: 23 mini seconds publishing element
Info: Task:estipular_o_ambiente_de_checagem: 31 mini seconds publishing element
Info: Role:analista_de_requisitos: 78 mini seconds publishing element
Info: Task:apontar_os_recursos_de_checagem_acessveis_para_reaproveitamento_e_remodelao: 31 mini seconds publishing element
Info: Task:apontar_equipamentos_e_ferramentas_de_checagem: 32 mini seconds publishing element
Info: Task:obter_equipamento_de_suporte_e_ambiente_de_checagem_tais_como_equipamentos_e_software_de_teste: 46 mini seconds publishing element
Info: Role:arquiteto: 141 mini seconds publishing element
Info: Role:analista_de_infraestrutura: 78 mini seconds publishing element
Info: Role:gerente: 63 mini seconds publishing element
Info: Artifact:artefato_de_critrios_para_o_ambiente_de_checagem: 15 mini seconds publishing element
Info: Artifact:artefato_de_recursos_de_checagem_acessveis_para_reaproveitamento: 16 mini seconds publishing element
Info: Artifact:artefato_de_equipamentos_softwares_e_ferramentas_de_checagem_fundamentais_para_montagem_do_ambiente_de_checagem: 31 mini seconds publishing element
Info: RoleDescriptor:analista_de_infraestrutura: 15 mini seconds publishing element
Info: RoleDescriptor:analista_de_teste: 16 mini seconds publishing element
Info: Task:apontar_os_efeitos_desejados_exequveis_tolerncias_autorizadas_na_verificao_e_outros_critrios_para_atender_os_critrios: 47 mini seconds publishing element
Info: Task:apontar_todos_os_equipamentos_e_componentes_de_ambiente_precisos_para_segurar_a_checagem: 31 mini seconds publishing element
Info: Artifact:artefato_com_os_critrios_de_checagem: 31 mini seconds publishing element
Info: Artifact:artefato_com_os_critrios_de_checagem_e_efeitos_desejados: 32 mini seconds publishing element
Info: Task:criar_um_grupo_de_tticas_de_checagem_amplo_e_integrado_para_os_produtos_de_trabalho_e_produtos_comerciais_prontos_sobre_anlise_de_necessidade: 15 mini seconds publishing element
Info: RoleDescriptor:analista_de_requisitos: 16 mini seconds publishing element
Info: RoleDescriptor:analista_de_teste: 0 mini seconds publishing element
Info: RoleDescriptor:cliente: 0 mini seconds publishing element
Info: Task:prescrever_que_tipo_de_vistoria_por_pares_que_ser_executada: 31 mini seconds publishing element
Info: Task:efetuar_os_papis_designados_na_vistoria_por_pares: 31 mini seconds publishing element
Info: Task:estipular_e_conservar_checklists_para_assegurar_que_os_produtos_de_trabalho_sejam_revisados_de_forma_eficaz: 31 mini seconds publishing element
Info: Task:responsabilizar_papis_para_a_vistoria_por_pares: 32 mini seconds publishing element
Info: Artifact:artefato_que_catalogue_os_tipos_de_inspees_por_pares_que_sero_feitos: 31 mini seconds publishing element
Info: Artifact:artefato_que_cataloga_os_tipos_de_inspees_e_os_critrios_de_entradas_e_sadas_desejados: 31 mini seconds publishing element
Info: Artifact:artefato_que_cataloga_os_tipos_de_inspees_e_os_critrios_de_entradas_e_sadas_desejados_e_checklist_de_veracidade: 31 mini seconds publishing element
Info: RoleDescriptor:analista_de_requisitos: 0 mini seconds publishing element
Info: RoleDescriptor:analista_de_teste: 16 mini seconds publishing element
Info: RoleDescriptor:cliente: 0 mini seconds publishing element
Info: WorkProductDescriptor:catlogo_de_produtos_a_serem_checados: 16 mini seconds publishing element
Info: Task:apontar_e_registrar_os_falhas_e_outros_aspectos_sobre_o_produto_de_trabalho: 31 mini seconds publishing element
Info: Task:assegurar_que_os_critrios_de_sada_para_a_vistoria_por_pares_esto_sendo_entregues: 31 mini seconds publishing element
Info: RoleDescriptor:analista_de_teste: 0 mini seconds publishing element
Info: Task:registrar_os_dados_relacionados__organizao_execuo_e_efeitos_das_inspees_por_pares: 31 mini seconds publishing element
Info: RoleDescriptor:analista_de_teste: 0 mini seconds publishing element
Info: Task:efetuar_a_checagem_de_produtos_de_trabalho_contra_seus_critrios: 31 mini seconds publishing element
Info: Task:registrar_os_efeitos_das_atividades_de_checagem: 31 mini seconds publishing element
Info: Task:estipular_e_conservar_os_critrios_de_entrada_e_sada_para_a_vistoria_por_pares: 32 mini seconds publishing element
Info: : Publishing time: 0 minutes 47 seconds
