Warning: DeliveryProcess:ProcessoTrabalho2: missing resource file './../../Questao2Plugin/deliveryprocesses/SP 1.3 Estipular T&aacute;ticas e Crit&eacute;rios de Checagem_B455DD85.html'
Warning: DeliveryProcess:ProcessoTrabalho2: missing resource file './../../Questao2Plugin/deliveryprocesses/SP 2.1 Organizar as Inspe&ccedil;&otilde;es por Pares_781A7397.html'
Warning: DeliveryProcess:ProcessoTrabalho2: missing resource file './../../Questao2Plugin/deliveryprocesses/SP 2.2 Efetuar Inspe&ccedil;&otilde;es por Pares_1189515F.html'
Warning: DeliveryProcess:ProcessoTrabalho2: missing resource file './../../Questao2Plugin/deliveryprocesses/SP 3.2 Analisar os Efeitos das Verifica&ccedil;&otilde;es e Apontar A&ccedil;&otilde;es Corr_48733030.html'
Warning: DeliveryProcess:ProcessoTrabalho2: missing resource file './../../Questao2Plugin/deliveryprocesses/SP 1.1 Eleger Produtos para Autentica&ccedil;&atilde;o_86257C0E.html'
Warning: DeliveryProcess:ProcessoTrabalho2: missing resource file './../../Questao2Plugin/deliveryprocesses/SP 1.2 Estipular o Ambiente de Autentica&ccedil;&atilde;o_EFD83070.html'
Warning: DeliveryProcess:ProcessoTrabalho2: missing resource file './../../Questao2Plugin/deliveryprocesses/SP 1.3 Estipular T&aacute;ticas e Crit&eacute;rios de Autentica&ccedil;&atilde;o._DCF5B7B3.html'
Warning: DeliveryProcess:ProcessoTrabalho2: missing resource file './../../Questao2Plugin/deliveryprocesses/SP 2.1 Efetuar a Autentica&ccedil;&atilde;o_87BAF8F0.html'
Warning: DeliveryProcess:ProcessoTrabalho2: missing resource file './../../Questao2Plugin/deliveryprocesses/SP 1.3 Estipular T&aacute;ticas e Crit&eacute;rios de Checagem_B455DD85.html'
Warning: DeliveryProcess:ProcessoTrabalho2: missing resource file './../../Questao2Plugin/deliveryprocesses/SP 2.1 Organizar as Inspe&ccedil;&otilde;es por Pares_781A7397.html'
Warning: DeliveryProcess:ProcessoTrabalho2: missing resource file './../../Questao2Plugin/deliveryprocesses/SP 2.2 Efetuar Inspe&ccedil;&otilde;es por Pares_1189515F.html'
Warning: DeliveryProcess:ProcessoTrabalho2: missing resource file './../../Questao2Plugin/deliveryprocesses/SP 3.2 Analisar os Efeitos das Verifica&ccedil;&otilde;es e Apontar A&ccedil;&otilde;es Corr_48733030.html'
Warning: DeliveryProcess:ProcessoTrabalho2: missing resource file './../../Questao2Plugin/deliveryprocesses/SP 1.1 Eleger Produtos para Autentica&ccedil;&atilde;o_86257C0E.html'
Warning: DeliveryProcess:ProcessoTrabalho2: missing resource file './../../Questao2Plugin/deliveryprocesses/SP 1.2 Estipular o Ambiente de Autentica&ccedil;&atilde;o_EFD83070.html'
Warning: DeliveryProcess:ProcessoTrabalho2: missing resource file './../../Questao2Plugin/deliveryprocesses/SP 1.3 Estipular T&aacute;ticas e Crit&eacute;rios de Autentica&ccedil;&atilde;o._DCF5B7B3.html'
Warning: DeliveryProcess:ProcessoTrabalho2: missing resource file './../../Questao2Plugin/deliveryprocesses/SP 2.1 Efetuar a Autentica&ccedil;&atilde;o_87BAF8F0.html'
Warning: Activity:SP 1.3 Estipular Táticas e Critérios de Checagem: missing resource file './../../Questao2Plugin/deliveryprocesses/resources/SP 1.3 Estipular T&aacute;ticas e Crit&eacute;rios de Checagem_B455DD85_ActivityDetail.jpeg'
Warning: Activity:SP 1.3 Estipular Táticas e Critérios de Checagem: missing resource file './../../Questao2Plugin/deliveryprocesses/resources/SP 1.3 Estipular T&aacute;ticas e Crit&eacute;rios de Checagem_B455DD85_ActivityDetail.jpeg'
Warning: Activity:SP 2.1 Organizar as Inspeções por Pares: missing resource file './../../Questao2Plugin/deliveryprocesses/resources/SP 2.1 Organizar as Inspe&ccedil;&otilde;es por Pares_781A7397_ActivityDetail.jpeg'
Warning: Activity:SP 2.1 Organizar as Inspeções por Pares: missing resource file './../../Questao2Plugin/deliveryprocesses/resources/SP 2.1 Organizar as Inspe&ccedil;&otilde;es por Pares_781A7397_ActivityDetail.jpeg'
Warning: Activity:SP 2.2 Efetuar Inspeções por Pares: missing resource file './../../Questao2Plugin/deliveryprocesses/resources/SP 2.2 Efetuar Inspe&ccedil;&otilde;es por Pares_1189515F_ActivityDetail.jpeg'
Warning: Activity:SP 2.2 Efetuar Inspeções por Pares: missing resource file './../../Questao2Plugin/deliveryprocesses/resources/SP 2.2 Efetuar Inspe&ccedil;&otilde;es por Pares_1189515F_ActivityDetail.jpeg'
Warning: Role:cliente: missing resource file './../../Questao2Plugin/deliveryprocesses/SP 2.1 Organizar as Inspe&ccedil;&otilde;es por Pares_781A7397.html'
Warning: Role:cliente: missing resource file './../../Questao2Plugin/deliveryprocesses/SP 2.2 Efetuar Inspe&ccedil;&otilde;es por Pares_1189515F.html'
Warning: Role:analista_de_teste: missing resource file './../../Questao2Plugin/deliveryprocesses/SP 1.3 Estipular T&aacute;ticas e Crit&eacute;rios de Checagem_B455DD85.html'
Warning: Role:analista_de_teste: missing resource file './../../Questao2Plugin/deliveryprocesses/SP 2.1 Organizar as Inspe&ccedil;&otilde;es por Pares_781A7397.html'
Warning: Role:analista_de_teste: missing resource file './../../Questao2Plugin/deliveryprocesses/SP 2.2 Efetuar Inspe&ccedil;&otilde;es por Pares_1189515F.html'
Warning: Artifact:catlogo_de_produtos_a_serem_checados: missing resource file './../../Questao2Plugin/deliveryprocesses/SP 2.2 Efetuar Inspe&ccedil;&otilde;es por Pares_1189515F.html'
Warning: Role:analista_de_requisitos: missing resource file './../../Questao2Plugin/deliveryprocesses/SP 2.1 Organizar as Inspe&ccedil;&otilde;es por Pares_781A7397.html'
Warning: Role:analista_de_requisitos: missing resource file './../../Questao2Plugin/deliveryprocesses/SP 2.2 Efetuar Inspe&ccedil;&otilde;es por Pares_1189515F.html'
Warning: Role:analista_de_infraestrutura: missing resource file './../../Questao2Plugin/deliveryprocesses/SP 1.3 Estipular T&aacute;ticas e Crit&eacute;rios de Checagem_B455DD85.html'
Warning: Task:apontar_os_efeitos_desejados_exequveis_tolerncias_autorizadas_na_verificao_e_outros_critrios_para_atender_os_critrios: missing resource file './../../Questao2Plugin/deliveryprocesses/SP 1.3 Estipular T&aacute;ticas e Crit&eacute;rios de Checagem_B455DD85.html'
Warning: Task:apontar_todos_os_equipamentos_e_componentes_de_ambiente_precisos_para_segurar_a_checagem: missing resource file './../../Questao2Plugin/deliveryprocesses/SP 1.3 Estipular T&aacute;ticas e Crit&eacute;rios de Checagem_B455DD85.html'
Warning: Artifact:artefato_com_os_critrios_de_checagem: missing resource file './../../Questao2Plugin/deliveryprocesses/SP 1.3 Estipular T&aacute;ticas e Crit&eacute;rios de Checagem_B455DD85.html'
Warning: Artifact:artefato_com_os_critrios_de_checagem_e_efeitos_desejados: missing resource file './../../Questao2Plugin/deliveryprocesses/SP 1.3 Estipular T&aacute;ticas e Crit&eacute;rios de Checagem_B455DD85.html'
Warning: Task:criar_um_grupo_de_tticas_de_checagem_amplo_e_integrado_para_os_produtos_de_trabalho_e_produtos_comerciais_prontos_sobre_anlise_de_necessidade: missing resource file './../../Questao2Plugin/deliveryprocesses/SP 1.3 Estipular T&aacute;ticas e Crit&eacute;rios de Checagem_B455DD85.html'
Warning: Task:prescrever_que_tipo_de_vistoria_por_pares_que_ser_executada: missing resource file './../../Questao2Plugin/deliveryprocesses/SP 2.1 Organizar as Inspe&ccedil;&otilde;es por Pares_781A7397.html'
Warning: Task:efetuar_os_papis_designados_na_vistoria_por_pares: missing resource file './../../Questao2Plugin/deliveryprocesses/SP 2.1 Organizar as Inspe&ccedil;&otilde;es por Pares_781A7397.html'
Warning: Task:efetuar_os_papis_designados_na_vistoria_por_pares: missing resource file './../../Questao2Plugin/deliveryprocesses/SP 2.2 Efetuar Inspe&ccedil;&otilde;es por Pares_1189515F.html'
Warning: Task:estipular_e_conservar_checklists_para_assegurar_que_os_produtos_de_trabalho_sejam_revisados_de_forma_eficaz: missing resource file './../../Questao2Plugin/deliveryprocesses/SP 2.1 Organizar as Inspe&ccedil;&otilde;es por Pares_781A7397.html'
Warning: Task:responsabilizar_papis_para_a_vistoria_por_pares: missing resource file './../../Questao2Plugin/deliveryprocesses/SP 2.1 Organizar as Inspe&ccedil;&otilde;es por Pares_781A7397.html'
Warning: Artifact:artefato_que_catalogue_os_tipos_de_inspees_por_pares_que_sero_feitos: missing resource file './../../Questao2Plugin/deliveryprocesses/SP 2.1 Organizar as Inspe&ccedil;&otilde;es por Pares_781A7397.html'
Warning: Artifact:artefato_que_cataloga_os_tipos_de_inspees_e_os_critrios_de_entradas_e_sadas_desejados: missing resource file './../../Questao2Plugin/deliveryprocesses/SP 2.1 Organizar as Inspe&ccedil;&otilde;es por Pares_781A7397.html'
Warning: Artifact:artefato_que_cataloga_os_tipos_de_inspees_e_os_critrios_de_entradas_e_sadas_desejados_e_checklist_de_veracidade: missing resource file './../../Questao2Plugin/deliveryprocesses/SP 2.1 Organizar as Inspe&ccedil;&otilde;es por Pares_781A7397.html'
Warning: Task:apontar_e_registrar_os_falhas_e_outros_aspectos_sobre_o_produto_de_trabalho: missing resource file './../../Questao2Plugin/deliveryprocesses/SP 2.2 Efetuar Inspe&ccedil;&otilde;es por Pares_1189515F.html'
Warning: Task:assegurar_que_os_critrios_de_sada_para_a_vistoria_por_pares_esto_sendo_entregues: missing resource file './../../Questao2Plugin/deliveryprocesses/SP 2.2 Efetuar Inspe&ccedil;&otilde;es por Pares_1189515F.html'
